<?xml version="1.0" encoding="UTF-8"?>
<!-- Generated by org.testng.reporters.JUnitReportReporter -->
<testsuite hostname="DESKTOP-3A84435" failures="0" tests="1" name="testngpkg.Fileupload_Robotclass" time="9.305" errors="0" timestamp="2024-02-28T09:58:09 IST" skipped="0">
  <testcase classname="testngpkg.Fileupload_Robotclass" name="test" time="9.305"/>
  <system-out/>
</testsuite> <!-- testngpkg.Fileupload_Robotclass -->
