<?xml version="1.0" encoding="UTF-8"?>
<!-- Generated by org.testng.reporters.JUnitReportReporter -->
<testsuite hostname="DESKTOP-3A84435" failures="0" tests="5" name="testngpkg.Basicprgrm" time="0.036" errors="0" timestamp="2024-02-20T10:00:26 IST" skipped="0">
  <testcase classname="testngpkg.Basicprgrm" name="Title_verification" time="0.003"/>
  <system-out/>
  <testcase classname="testngpkg.Basicprgrm" name="link_count" time="0.006"/>
  <system-out/>
  <testcase classname="testngpkg.Basicprgrm" name="Title_verification" time="0.021"/>
  <system-out/>
  <testcase classname="testngpkg.Basicprgrm" name="Title_verification" time="0.002"/>
  <system-out/>
  <testcase classname="testngpkg.Basicprgrm" name="Fb_login" time="0.004"/>
  <system-out/>
</testsuite> <!-- testngpkg.Basicprgrm -->
