<?xml version="1.0" encoding="UTF-8"?>
<!-- Generated by org.testng.reporters.JUnitReportReporter -->
<testsuite hostname="DESKTOP-3A84435" failures="0" tests="1" name="testngpkg.Copy_paste" time="8.344" errors="0" timestamp="2024-02-22T09:55:16 IST" skipped="0">
  <testcase classname="testngpkg.Copy_paste" name="test" time="8.344"/>
  <system-out/>
</testsuite> <!-- testngpkg.Copy_paste -->
