<?xml version="1.0" encoding="UTF-8"?>
<!-- Generated by org.testng.reporters.JUnitReportReporter -->
<testsuite hostname="DESKTOP-3A84435" failures="0" tests="1" name="testngpkg.Parametrization" time="3.056" errors="0" timestamp="2024-02-21T09:35:59 IST" skipped="0">
  <testcase classname="testngpkg.Parametrization" name="test" time="3.056"/>
  <system-out/>
</testsuite> <!-- testngpkg.Parametrization -->
