<?xml version="1.0" encoding="UTF-8"?>
<!-- Generated by org.testng.reporters.JUnitReportReporter -->
<testsuite hostname="DESKTOP-3A84435" failures="0" tests="1" name="testngpkg.Drag_and_Drop" time="6.124" errors="0" timestamp="2024-02-26T09:22:52 IST" skipped="0">
  <testcase classname="testngpkg.Drag_and_Drop" name="test" time="6.124"/>
  <system-out/>
</testsuite> <!-- testngpkg.Drag_and_Drop -->
